<?xml version="1.0" encoding="UTF-8"?>
<!-- Generated by org.testng.reporters.JUnitReportReporter -->
<testsuite hostname="STSPC130" name="Academy.HomePage" tests="2" failures="0" timestamp="10 Feb 2020 10:34:28 GMT" time="6.335" errors="0">
  <testcase name="basePageNavigation" time="2.988" classname="Academy.HomePage"/>
  <testcase name="basePageNavigation" time="3.347" classname="Academy.HomePage"/>
</testsuite> <!-- Academy.HomePage -->
