<?xml version="1.0" encoding="UTF-8"?>
<!-- Generated by org.testng.reporters.JUnitReportReporter -->
<testsuite hostname="STSPC130" name="Academy.HomePage" tests="2" failures="0" timestamp="31 Jan 2020 02:55:28 GMT" time="38.421" errors="0">
  <testcase name="basePageNavigation" time="18.549" classname="Academy.HomePage"/>
  <testcase name="basePageNavigation" time="19.872" classname="Academy.HomePage"/>
</testsuite> <!-- Academy.HomePage -->
