<?xml version="1.0" encoding="UTF-8"?>
<!-- Generated by org.testng.reporters.JUnitReportReporter -->
<testsuite hostname="STSPC130" name="Academy.ValidateTitle" tests="1" failures="0" timestamp="5 Feb 2020 10:57:02 GMT" time="16.439" errors="0">
  <testcase name="validateTitle" time="16.439" classname="Academy.ValidateTitle"/>
</testsuite> <!-- Academy.ValidateTitle -->
