<?xml version="1.0" encoding="UTF-8"?>
<!-- Generated by org.testng.reporters.JUnitReportReporter -->
<testsuite hostname="STSPC130" name="Academy.ValidateTitle" tests="1" failures="0" timestamp="10 Feb 2020 10:34:28 GMT" time="8.583" errors="0">
  <testcase name="validateTitle" time="8.583" classname="Academy.ValidateTitle"/>
</testsuite> <!-- Academy.ValidateTitle -->
